c:\users\stphn\desktop\final\cs451final\finalproject\learnply\release\vc142.pdb
c:\users\stphn\desktop\final\cs451final\finalproject\learnply\release\trackball.obj
c:\users\stphn\desktop\final\cs451final\finalproject\learnply\release\tmatrix.obj
c:\users\stphn\desktop\final\cs451final\finalproject\learnply\release\ply.obj
c:\users\stphn\desktop\final\cs451final\finalproject\learnply\release\learnply.obj
c:\users\stphn\desktop\final\cs451final\finalproject\learnply\release\icvector.obj
c:\users\stphn\desktop\final\cs451final\finalproject\learnply\release\soil2.obj
c:\users\stphn\desktop\final\cs451final\finalproject\learnply\release\image_helper.obj
c:\users\stphn\desktop\final\cs451final\finalproject\learnply\release\image_dxt.obj
c:\users\stphn\desktop\final\cs451final\finalproject\learnply\release\etc1_utils.obj
c:\users\stphn\desktop\final\cs451final\finalproject\learnply\release\learnply.pdb
c:\users\stphn\desktop\final\cs451final\finalproject\learnply\release\learnply.tlog\cl.command.1.tlog
c:\users\stphn\desktop\final\cs451final\finalproject\learnply\release\learnply.tlog\cl.read.1.tlog
c:\users\stphn\desktop\final\cs451final\finalproject\learnply\release\learnply.tlog\cl.write.1.tlog
c:\users\stphn\desktop\final\cs451final\finalproject\learnply\release\learnply.tlog\link-cvtres.read.1.tlog
c:\users\stphn\desktop\final\cs451final\finalproject\learnply\release\learnply.tlog\link-cvtres.write.1.tlog
c:\users\stphn\desktop\final\cs451final\finalproject\learnply\release\learnply.tlog\link-rc.read.1.tlog
c:\users\stphn\desktop\final\cs451final\finalproject\learnply\release\learnply.tlog\link-rc.write.1.tlog
c:\users\stphn\desktop\final\cs451final\finalproject\learnply\release\learnply.tlog\link.command.1.tlog
c:\users\stphn\desktop\final\cs451final\finalproject\learnply\release\learnply.tlog\link.delete.1.tlog
c:\users\stphn\desktop\final\cs451final\finalproject\learnply\release\learnply.tlog\link.read.1.tlog
c:\users\stphn\desktop\final\cs451final\finalproject\learnply\release\learnply.tlog\link.write.1.tlog
